<?xml version="1.0" encoding="UTF-8"?>
<!-- Generated by org.testng.reporters.JUnitReportReporter -->
<testsuite skipped="0" hostname="BM75KFJR2" name="MyRunner.TestRunner" tests="1" failures="0" timestamp="02 Aug 2019 13:19:51 GMT" time="50.558" errors="0">
  <testcase name="feature" time="50.558" classname="MyRunner.TestRunner"/>
</testsuite> <!-- MyRunner.TestRunner -->
